<?xml version="1.0" encoding="UTF-8"?>
<!-- Generated by org.testng.reporters.JUnitXMLReporter -->
<testsuite ignored="0" hostname="KAMLESH" failures="0" tests="9" name="Test Maven Project" time="0.037" errors="0" timestamp="12 Sep 2021 14:38:49 GMT">
  <testcase classname="MavenTestG.MavenTestI.clsTest" name="div" time="0.005"/>
  <testcase classname="MavenTestG.MavenTestI.clsTest" name="mult" time="0.0"/>
  <testcase classname="MavenTestG.MavenTestI.clsTest" name="sum" time="0.0"/>
  <testcase classname="MavenTestG.MavenTestI.clsTest2" name="div2" time="0.001"/>
  <testcase classname="MavenTestG.MavenTestI.clsTest2" name="mult2" time="0.0"/>
  <testcase classname="MavenTestG.MavenTestI.clsTest2" name="sum2" time="0.001"/>
  <testcase classname="MavenTestG.MavenTestI.clsTest3" name="div3" time="0.0"/>
  <testcase classname="MavenTestG.MavenTestI.clsTest3" name="mult3" time="0.0"/>
  <testcase classname="MavenTestG.MavenTestI.clsTest3" name="sum3" time="0.0"/>
</testsuite> <!-- Test Maven Project -->
