<?xml version="1.0" encoding="UTF-8"?>
<testng-results ignored="0" total="9" passed="9" failed="0" skipped="0">
  <reporter-output>
  </reporter-output>
  <suite started-at="2021-09-12T14:38:49Z" name="Test Maven Suite" finished-at="2021-09-12T14:38:49Z" duration-ms="37">
    <groups>
    </groups>
    <test started-at="2021-09-12T14:38:49Z" name="Test Maven Project" finished-at="2021-09-12T14:38:49Z" duration-ms="37">
      <class name="MavenTestG.MavenTestI.clsTest">
        <test-method signature="div()[pri:0, instance:MavenTestG.MavenTestI.clsTest@be35cd9]" started-at="2021-09-12T14:38:49Z" name="div" finished-at="2021-09-12T14:38:49Z" duration-ms="5" status="PASS">
          <reporter-output>
          </reporter-output>
        </test-method> <!-- div -->
        <test-method signature="sum()[pri:0, instance:MavenTestG.MavenTestI.clsTest@be35cd9]" started-at="2021-09-12T14:38:49Z" name="sum" finished-at="2021-09-12T14:38:49Z" duration-ms="0" status="PASS">
          <reporter-output>
          </reporter-output>
        </test-method> <!-- sum -->
        <test-method signature="mult()[pri:0, instance:MavenTestG.MavenTestI.clsTest@be35cd9]" started-at="2021-09-12T14:38:49Z" name="mult" finished-at="2021-09-12T14:38:49Z" duration-ms="0" status="PASS">
          <reporter-output>
          </reporter-output>
        </test-method> <!-- mult -->
      </class> <!-- MavenTestG.MavenTestI.clsTest -->
      <class name="MavenTestG.MavenTestI.clsTest3">
        <test-method signature="div3()[pri:0, instance:MavenTestG.MavenTestI.clsTest3@44821a96]" started-at="2021-09-12T14:38:49Z" name="div3" finished-at="2021-09-12T14:38:49Z" duration-ms="0" status="PASS">
          <reporter-output>
          </reporter-output>
        </test-method> <!-- div3 -->
        <test-method signature="mult3()[pri:0, instance:MavenTestG.MavenTestI.clsTest3@44821a96]" started-at="2021-09-12T14:38:49Z" name="mult3" finished-at="2021-09-12T14:38:49Z" duration-ms="0" status="PASS">
          <reporter-output>
          </reporter-output>
        </test-method> <!-- mult3 -->
        <test-method signature="sum3()[pri:0, instance:MavenTestG.MavenTestI.clsTest3@44821a96]" started-at="2021-09-12T14:38:49Z" name="sum3" finished-at="2021-09-12T14:38:49Z" duration-ms="0" status="PASS">
          <reporter-output>
          </reporter-output>
        </test-method> <!-- sum3 -->
      </class> <!-- MavenTestG.MavenTestI.clsTest3 -->
      <class name="MavenTestG.MavenTestI.clsTest2">
        <test-method signature="div2()[pri:0, instance:MavenTestG.MavenTestI.clsTest2@4944252c]" started-at="2021-09-12T14:38:49Z" name="div2" finished-at="2021-09-12T14:38:49Z" duration-ms="1" status="PASS">
          <reporter-output>
          </reporter-output>
        </test-method> <!-- div2 -->
        <test-method signature="mult2()[pri:0, instance:MavenTestG.MavenTestI.clsTest2@4944252c]" started-at="2021-09-12T14:38:49Z" name="mult2" finished-at="2021-09-12T14:38:49Z" duration-ms="0" status="PASS">
          <reporter-output>
          </reporter-output>
        </test-method> <!-- mult2 -->
        <test-method signature="sum2()[pri:0, instance:MavenTestG.MavenTestI.clsTest2@4944252c]" started-at="2021-09-12T14:38:49Z" name="sum2" finished-at="2021-09-12T14:38:49Z" duration-ms="1" status="PASS">
          <reporter-output>
          </reporter-output>
        </test-method> <!-- sum2 -->
      </class> <!-- MavenTestG.MavenTestI.clsTest2 -->
    </test> <!-- Test Maven Project -->
  </suite> <!-- Test Maven Suite -->
</testng-results>
