<?xml version="1.0" encoding="UTF-8"?>
<testsuite xmlns:xsi="http://www.w3.org/2001/XMLSchema-instance" xsi:noNamespaceSchemaLocation="https://maven.apache.org/surefire/maven-surefire-plugin/xsd/surefire-test-report.xsd" name="TestSuite" time="0.615" tests="9" errors="0" skipped="0" failures="0">
  <properties>
[...]
</properties>
  <testcase name="div" classname="MavenTestG.MavenTestI.clsTest" time="0.007"/>
  <testcase name="mult" classname="MavenTestG.MavenTestI.clsTest" time="0.002"/>
  <testcase name="sum" classname="MavenTestG.MavenTestI.clsTest" time="0.002"/>
  <testcase name="div2" classname="MavenTestG.MavenTestI.clsTest2" time="0.004"/>
  <testcase name="mult2" classname="MavenTestG.MavenTestI.clsTest2" time="0.005"/>
  <testcase name="sum2" classname="MavenTestG.MavenTestI.clsTest2" time="0.003"/>
  <testcase name="div3" classname="MavenTestG.MavenTestI.clsTest3" time="0.002"/>
  <testcase name="mult3" classname="MavenTestG.MavenTestI.clsTest3" time="0.002"/>
  <testcase name="sum3" classname="MavenTestG.MavenTestI.clsTest3" time="0.002"/>
</testsuite>