<?xml version="1.0" encoding="UTF-8"?>
<!-- Generated by org.testng.reporters.JUnitReportReporter -->
<testsuite hostname="KAMLESH" failures="0" tests="3" name="MavenTestG.MavenTestI.clsTest" time="0.031" errors="0" timestamp="12 Sep 2021 14:00:19 GMT" skipped="0">
  <testcase classname="MavenTestG.MavenTestI.clsTest" name="mult" time="0.003"/>
  <testcase classname="MavenTestG.MavenTestI.clsTest" name="sum" time="0.002"/>
  <testcase classname="MavenTestG.MavenTestI.clsTest" name="div" time="0.026"/>
</testsuite> <!-- MavenTestG.MavenTestI.clsTest -->
