<?xml version="1.0" encoding="UTF-8"?>
<!-- Generated by org.testng.reporters.JUnitXMLReporter -->
<testsuite ignored="0" hostname="KAMLESH" failures="0" tests="6" name="Test Maven Project" time="0.127" errors="0" timestamp="15 Aug 2021 12:01:18 GMT">
  <testcase classname="MavenTestG.MavenTestI.clsTest" name="div" time="0.026"/>
  <testcase classname="MavenTestG.MavenTestI.clsTest" name="mult" time="0.003"/>
  <testcase classname="MavenTestG.MavenTestI.clsTest" name="sum" time="0.004"/>
  <testcase classname="MavenTestG.MavenTestI.clsTest2" name="div2" time="0.003"/>
  <testcase classname="MavenTestG.MavenTestI.clsTest2" name="mult2" time="0.003"/>
  <testcase classname="MavenTestG.MavenTestI.clsTest2" name="sum2" time="0.002"/>
</testsuite> <!-- Test Maven Project -->
